Determining if the pthread_create exist failed with the following output:
Change Dir: /home/u/chengen/Hartwig/cudnn-training/cudnn-training/build/CMakeFiles/CMakeTmp

Run Build Command:"/usr/bin/make" "cmTC_a4bc5/fast"
/usr/bin/make -f CMakeFiles/cmTC_a4bc5.dir/build.make CMakeFiles/cmTC_a4bc5.dir/build
make[1]: Entering directory '/home/u/chengen/Hartwig/cudnn-training/cudnn-training/build/CMakeFiles/CMakeTmp'
Building C object CMakeFiles/cmTC_a4bc5.dir/CheckSymbolExists.c.o
/usr/bin/cc    -fPIC    -o CMakeFiles/cmTC_a4bc5.dir/CheckSymbolExists.c.o   -c /home/u/chengen/Hartwig/cudnn-training/cudnn-training/build/CMakeFiles/CMakeTmp/CheckSymbolExists.c
Linking C executable cmTC_a4bc5
/usr/bin/cmake -E cmake_link_script CMakeFiles/cmTC_a4bc5.dir/link.txt --verbose=1
/usr/bin/cc  -fPIC     CMakeFiles/cmTC_a4bc5.dir/CheckSymbolExists.c.o  -o cmTC_a4bc5 -rdynamic 
CMakeFiles/cmTC_a4bc5.dir/CheckSymbolExists.c.o: In function `main':
CheckSymbolExists.c:(.text+0x1b): undefined reference to `pthread_create'
collect2: error: ld returned 1 exit status
CMakeFiles/cmTC_a4bc5.dir/build.make:97: recipe for target 'cmTC_a4bc5' failed
make[1]: *** [cmTC_a4bc5] Error 1
make[1]: Leaving directory '/home/u/chengen/Hartwig/cudnn-training/cudnn-training/build/CMakeFiles/CMakeTmp'
Makefile:126: recipe for target 'cmTC_a4bc5/fast' failed
make: *** [cmTC_a4bc5/fast] Error 2

File /home/u/chengen/Hartwig/cudnn-training/cudnn-training/build/CMakeFiles/CMakeTmp/CheckSymbolExists.c:
/* */
#include <pthread.h>

int main(int argc, char** argv)
{
  (void)argv;
#ifndef pthread_create
  return ((int*)(&pthread_create))[argc];
#else
  (void)argc;
  return 0;
#endif
}

Determining if the function pthread_create exists in the pthreads failed with the following output:
Change Dir: /home/u/chengen/Hartwig/cudnn-training/cudnn-training/build/CMakeFiles/CMakeTmp

Run Build Command:"/usr/bin/make" "cmTC_ec9cb/fast"
/usr/bin/make -f CMakeFiles/cmTC_ec9cb.dir/build.make CMakeFiles/cmTC_ec9cb.dir/build
make[1]: Entering directory '/home/u/chengen/Hartwig/cudnn-training/cudnn-training/build/CMakeFiles/CMakeTmp'
Building C object CMakeFiles/cmTC_ec9cb.dir/CheckFunctionExists.c.o
/usr/bin/cc    -fPIC -DCHECK_FUNCTION_EXISTS=pthread_create   -o CMakeFiles/cmTC_ec9cb.dir/CheckFunctionExists.c.o   -c /usr/share/cmake-3.5/Modules/CheckFunctionExists.c
Linking C executable cmTC_ec9cb
/usr/bin/cmake -E cmake_link_script CMakeFiles/cmTC_ec9cb.dir/link.txt --verbose=1
/usr/bin/cc  -fPIC -DCHECK_FUNCTION_EXISTS=pthread_create    CMakeFiles/cmTC_ec9cb.dir/CheckFunctionExists.c.o  -o cmTC_ec9cb -rdynamic -lpthreads 
/usr/bin/ld: cannot find -lpthreads
collect2: error: ld returned 1 exit status
CMakeFiles/cmTC_ec9cb.dir/build.make:97: recipe for target 'cmTC_ec9cb' failed
make[1]: *** [cmTC_ec9cb] Error 1
make[1]: Leaving directory '/home/u/chengen/Hartwig/cudnn-training/cudnn-training/build/CMakeFiles/CMakeTmp'
Makefile:126: recipe for target 'cmTC_ec9cb/fast' failed
make: *** [cmTC_ec9cb/fast] Error 2


